<?xml version="1.0" encoding="UTF-8"?>
<testsuite name="util.NumberConverterTest" tests="6" skipped="0" failures="0" errors="0" timestamp="2025-11-21T10:03:40.920Z" hostname="Kyeonghyeonui-MacBookPro.local" time="0.002">
  <properties/>
  <testcase name="[1] 1a" classname="util.NumberConverterTest" time="0.0"/>
  <testcase name="[2] a" classname="util.NumberConverterTest" time="0.0"/>
  <testcase name="[3] &#10;" classname="util.NumberConverterTest" time="0.0"/>
  <testcase name="[1] -1, -1" classname="util.NumberConverterTest" time="0.001"/>
  <testcase name="[2] 0, 0" classname="util.NumberConverterTest" time="0.0"/>
  <testcase name="[3] 5, 5" classname="util.NumberConverterTest" time="0.0"/>
  <system-out><![CDATA[]]></system-out>
  <system-err><![CDATA[]]></system-err>
</testsuite>
