<?xml version="1.0" encoding="UTF-8"?>
<testsuite name="domain.GridButtonTest" tests="4" skipped="0" failures="0" errors="0" timestamp="2025-11-20T12:17:12.598Z" hostname="Kyeonghyeonui-MacBookPro.local" time="0.029">
  <properties/>
  <testcase name="[1] 1, 1, 1, 1, true" classname="domain.GridButtonTest" time="0.024"/>
  <testcase name="[2] 1, 1, 1, 2, false" classname="domain.GridButtonTest" time="0.0"/>
  <testcase name="[1] 1, 2, true" classname="domain.GridButtonTest" time="0.001"/>
  <testcase name="[2] 1, 1, false" classname="domain.GridButtonTest" time="0.0"/>
  <system-out><![CDATA[]]></system-out>
  <system-err><![CDATA[]]></system-err>
</testsuite>
