<?xml version="1.0" encoding="UTF-8"?>
<testsuite name="domain.GridButtonsTest" tests="11" skipped="0" failures="0" errors="0" timestamp="2025-11-20T12:17:12.630Z" hostname="Kyeonghyeonui-MacBookPro.local" time="0.011">
  <properties/>
  <testcase name="[1] 0, 0, 1S, 0B" classname="domain.GridButtonsTest" time="0.004"/>
  <testcase name="[2] 1, 0, 0S, 2B" classname="domain.GridButtonsTest" time="0.001"/>
  <testcase name="[3] 1, 1, 2S, 1B" classname="domain.GridButtonsTest" time="0.0"/>
  <testcase name="[4] 1, 2, 1S, 2B" classname="domain.GridButtonsTest" time="0.0"/>
  <testcase name="[5] 1, 3, 0S, 1B" classname="domain.GridButtonsTest" time="0.001"/>
  <testcase name="[6] 3, 2, 1S, 1B" classname="domain.GridButtonsTest" time="0.0"/>
  <testcase name="[7] 3, 3, 0S, 1B" classname="domain.GridButtonsTest" time="0.0"/>
  <testcase name="[8] 3, 4, 0S, 0B" classname="domain.GridButtonsTest" time="0.0"/>
  <testcase name="[1] 0, 1" classname="domain.GridButtonsTest" time="0.001"/>
  <testcase name="[2] 2, 1" classname="domain.GridButtonsTest" time="0.001"/>
  <testcase name="[3] 2, 2" classname="domain.GridButtonsTest" time="0.0"/>
  <system-out><![CDATA[]]></system-out>
  <system-err><![CDATA[]]></system-err>
</testsuite>
