<?xml version="1.0" encoding="UTF-8"?>
<testsuite name="domain.vo.CoordinateTDDTest" tests="15" skipped="0" failures="0" errors="0" timestamp="2025-11-21T10:03:40.903Z" hostname="Kyeonghyeonui-MacBookPro.local" time="0.01">
  <properties/>
  <testcase name="[1] domain.vo.CoordinateTDD@3c1, [domain.vo.CoordinateTDD@3e1]" classname="domain.vo.CoordinateTDDTest" time="0.002"/>
  <testcase name="[2] domain.vo.CoordinateTDD@3e0, [domain.vo.CoordinateTDD@3c2, domain.vo.CoordinateTDD@400]" classname="domain.vo.CoordinateTDDTest" time="0.0"/>
  <testcase name="[3] domain.vo.CoordinateTDD@3c2, [domain.vo.CoordinateTDD@3e0, domain.vo.CoordinateTDD@3e2]" classname="domain.vo.CoordinateTDDTest" time="0.0"/>
  <testcase name="[4] domain.vo.CoordinateTDD@3e1, [domain.vo.CoordinateTDD@3c3, domain.vo.CoordinateTDD@401, domain.vo.CoordinateTDD@3c1, domain.vo.CoordinateTDD@3ff]" classname="domain.vo.CoordinateTDDTest" time="0.001"/>
  <testcase name="[1] domain.vo.CoordinateTDD@3c1, [domain.vo.CoordinateTDD@3c2, domain.vo.CoordinateTDD@3e0]" classname="domain.vo.CoordinateTDDTest" time="0.001"/>
  <testcase name="[2] domain.vo.CoordinateTDD@3e0, [domain.vo.CoordinateTDD@3e1, domain.vo.CoordinateTDD@3c1, domain.vo.CoordinateTDD@3ff]" classname="domain.vo.CoordinateTDDTest" time="0.0"/>
  <testcase name="[3] domain.vo.CoordinateTDD@3c2, [domain.vo.CoordinateTDD@3e1, domain.vo.CoordinateTDD@3c1, domain.vo.CoordinateTDD@3c3]" classname="domain.vo.CoordinateTDDTest" time="0.0"/>
  <testcase name="[4] domain.vo.CoordinateTDD@3e1, [domain.vo.CoordinateTDD@3e2, domain.vo.CoordinateTDD@3c2, domain.vo.CoordinateTDD@3e0, domain.vo.CoordinateTDD@400]" classname="domain.vo.CoordinateTDDTest" time="0.0"/>
  <testcase name="좌표_집합_중복_판단_테스트()" classname="domain.vo.CoordinateTDDTest" time="0.001"/>
  <testcase name="[1] domain.vo.CoordinateTDD@3c1, [domain.vo.CoordinateTDD@3e0, domain.vo.CoordinateTDD@3c2, domain.vo.CoordinateTDD@3e1]" classname="domain.vo.CoordinateTDDTest" time="0.001"/>
  <testcase name="[2] domain.vo.CoordinateTDD@3e0, [domain.vo.CoordinateTDD@3ff, domain.vo.CoordinateTDD@400, domain.vo.CoordinateTDD@3e1, domain.vo.CoordinateTDD@3c2, domain.vo.CoordinateTDD@3c1]" classname="domain.vo.CoordinateTDDTest" time="0.0"/>
  <testcase name="[3] domain.vo.CoordinateTDD@3c2, [domain.vo.CoordinateTDD@3c3, domain.vo.CoordinateTDD@3e2, domain.vo.CoordinateTDD@3e1, domain.vo.CoordinateTDD@3e0, domain.vo.CoordinateTDD@3c1]" classname="domain.vo.CoordinateTDDTest" time="0.0"/>
  <testcase name="[4] domain.vo.CoordinateTDD@3e1, [domain.vo.CoordinateTDD@3e2, domain.vo.CoordinateTDD@3e0, domain.vo.CoordinateTDD@3c2, domain.vo.CoordinateTDD@3c3, domain.vo.CoordinateTDD@401, domain.vo.CoordinateTDD@3c1, domain.vo.CoordinateTDD@400, domain.vo.CoordinateTDD@3ff]" classname="domain.vo.CoordinateTDDTest" time="0.0"/>
  <testcase name="[1] 1, 2, 1, 2, true" classname="domain.vo.CoordinateTDDTest" time="0.0"/>
  <testcase name="[2] 1, 2, 3, 4, false" classname="domain.vo.CoordinateTDDTest" time="0.0"/>
  <system-out><![CDATA[]]></system-out>
  <system-err><![CDATA[]]></system-err>
</testsuite>
