<?xml version="1.0" encoding="UTF-8"?>
<testsuite name="domain.vo.SizeTest" tests="8" skipped="0" failures="0" errors="0" timestamp="2025-11-21T10:03:40.914Z" hostname="Kyeonghyeonui-MacBookPro.local" time="0.005">
  <properties/>
  <testcase name="[1] 3, 3" classname="domain.vo.SizeTest" time="0.001"/>
  <testcase name="[2] 5, 5" classname="domain.vo.SizeTest" time="0.0"/>
  <testcase name="[3] 8, 8" classname="domain.vo.SizeTest" time="0.001"/>
  <testcase name="[1] 0" classname="domain.vo.SizeTest" time="0.001"/>
  <testcase name="[2] 2" classname="domain.vo.SizeTest" time="0.0"/>
  <testcase name="[3] 9" classname="domain.vo.SizeTest" time="0.0"/>
  <testcase name="[1] 1a" classname="domain.vo.SizeTest" time="0.0"/>
  <testcase name="[2] a" classname="domain.vo.SizeTest" time="0.0"/>
  <system-out><![CDATA[]]></system-out>
  <system-err><![CDATA[]]></system-err>
</testsuite>
